[2023-07-07 11:46:55.149] [jointLog] [info] setting maxHashResizeThreads to 16
[2023-07-07 11:46:55.149] [jointLog] [info] Fragment incompatibility prior below threshold.  Incompatible fragments will be ignored.
[2023-07-07 11:46:55.149] [jointLog] [info] Usage of --validateMappings implies use of minScoreFraction. Since not explicitly specified, it is being set to 0.65
[2023-07-07 11:46:55.149] [jointLog] [info] Setting consensusSlack to selective-alignment default of 0.35.
[2023-07-07 11:46:55.149] [jointLog] [info] parsing read library format
[2023-07-07 11:46:55.149] [jointLog] [info] There is 1 library.
[2023-07-07 11:46:55.218] [jointLog] [info] Loading pufferfish index
[2023-07-07 11:46:55.218] [jointLog] [info] Loading dense pufferfish index.
[2023-07-07 11:46:55.912] [jointLog] [info] done
[2023-07-07 11:46:55.912] [jointLog] [info] Index contained 167,268 targets
[2023-07-07 11:46:55.946] [jointLog] [info] Number of decoys : 0
[2023-07-07 11:46:56.302] [jointLog] [info] Automatically detected most likely library type as IU

[2023-07-07 11:49:42.721] [fileLog] [info] 
At end of round 0
==================
Observed 40193695 total fragments (40193695 in most recent round)

[2023-07-07 11:49:42.720] [jointLog] [info] Computed 460,370 rich equivalence classes for further processing
[2023-07-07 11:49:42.720] [jointLog] [info] Counted 37,130,157 total reads in the equivalence classes 
[2023-07-07 11:49:42.735] [jointLog] [info] Number of mappings discarded because of alignment score : 17,500,611
[2023-07-07 11:49:42.735] [jointLog] [info] Number of fragments entirely discarded because of alignment score : 1,136,072
[2023-07-07 11:49:42.735] [jointLog] [info] Number of fragments discarded because they are best-mapped to decoys : 0
[2023-07-07 11:49:42.735] [jointLog] [info] Number of fragments discarded because they have only dovetail (discordant) mappings to valid targets : 446,528
[2023-07-07 11:49:42.735] [jointLog] [info] Mapping rate = 92.3781%

[2023-07-07 11:49:42.735] [jointLog] [info] finished quantifyLibrary()
[2023-07-07 11:49:42.735] [jointLog] [info] Starting optimizer
[2023-07-07 11:49:42.854] [jointLog] [info] Marked 0 weighted equivalence classes as degenerate
[2023-07-07 11:49:42.875] [jointLog] [info] iteration = 0 | max rel diff. = 5589.36
[2023-07-07 11:49:44.846] [jointLog] [info] iteration = 100 | max rel diff. = 18.4931
[2023-07-07 11:49:46.817] [jointLog] [info] iteration = 200 | max rel diff. = 5.05148
[2023-07-07 11:49:48.782] [jointLog] [info] iteration = 300 | max rel diff. = 6.2556
[2023-07-07 11:49:50.759] [jointLog] [info] iteration = 400 | max rel diff. = 3.46352
[2023-07-07 11:49:52.710] [jointLog] [info] iteration = 500 | max rel diff. = 0.878051
[2023-07-07 11:49:54.602] [jointLog] [info] iteration = 600 | max rel diff. = 4.03859
[2023-07-07 11:49:56.543] [jointLog] [info] iteration = 700 | max rel diff. = 0.651469
[2023-07-07 11:49:58.425] [jointLog] [info] iteration = 800 | max rel diff. = 18.3558
[2023-07-07 11:50:00.284] [jointLog] [info] iteration = 900 | max rel diff. = 0.0798372
[2023-07-07 11:50:02.129] [jointLog] [info] iteration = 1,000 | max rel diff. = 0.252522
[2023-07-07 11:50:04.043] [jointLog] [info] iteration = 1,100 | max rel diff. = 0.103346
[2023-07-07 11:50:06.043] [jointLog] [info] iteration = 1,200 | max rel diff. = 0.109517
[2023-07-07 11:50:08.097] [jointLog] [info] iteration = 1,300 | max rel diff. = 0.0966121
[2023-07-07 11:50:10.129] [jointLog] [info] iteration = 1,400 | max rel diff. = 3.61172
[2023-07-07 11:50:12.083] [jointLog] [info] iteration = 1,500 | max rel diff. = 3.14026
[2023-07-07 11:50:13.998] [jointLog] [info] iteration = 1,600 | max rel diff. = 0.0154638
[2023-07-07 11:50:15.824] [jointLog] [info] iteration = 1,700 | max rel diff. = 0.031931
[2023-07-07 11:50:17.662] [jointLog] [info] iteration = 1,800 | max rel diff. = 0.856487
[2023-07-07 11:50:19.604] [jointLog] [info] iteration = 1,900 | max rel diff. = 0.0898024
[2023-07-07 11:50:21.610] [jointLog] [info] iteration = 2,000 | max rel diff. = 0.298897
[2023-07-07 11:50:23.548] [jointLog] [info] iteration = 2,100 | max rel diff. = 0.0487551
[2023-07-07 11:50:25.485] [jointLog] [info] iteration = 2,200 | max rel diff. = 10.7989
[2023-07-07 11:50:27.527] [jointLog] [info] iteration = 2,300 | max rel diff. = 0.599836
[2023-07-07 11:50:28.517] [jointLog] [info] iteration = 2,349 | max rel diff. = 0.00943416
[2023-07-07 11:50:28.531] [jointLog] [info] Finished optimizer
[2023-07-07 11:50:28.531] [jointLog] [info] writing output 

