[2023-07-07 12:08:32.676] [jointLog] [info] setting maxHashResizeThreads to 16
[2023-07-07 12:08:32.676] [jointLog] [info] Fragment incompatibility prior below threshold.  Incompatible fragments will be ignored.
[2023-07-07 12:08:32.676] [jointLog] [info] Usage of --validateMappings implies use of minScoreFraction. Since not explicitly specified, it is being set to 0.65
[2023-07-07 12:08:32.676] [jointLog] [info] Setting consensusSlack to selective-alignment default of 0.35.
[2023-07-07 12:08:32.676] [jointLog] [info] parsing read library format
[2023-07-07 12:08:32.676] [jointLog] [info] There is 1 library.
[2023-07-07 12:08:32.743] [jointLog] [info] Loading pufferfish index
[2023-07-07 12:08:32.743] [jointLog] [info] Loading dense pufferfish index.
[2023-07-07 12:08:33.433] [jointLog] [info] done
[2023-07-07 12:08:33.433] [jointLog] [info] Index contained 167,268 targets
[2023-07-07 12:08:33.467] [jointLog] [info] Number of decoys : 0
[2023-07-07 12:08:33.808] [jointLog] [info] Automatically detected most likely library type as IU

[2023-07-07 12:11:04.270] [fileLog] [info] 
At end of round 0
==================
Observed 35439812 total fragments (35439812 in most recent round)

[2023-07-07 12:11:04.270] [jointLog] [info] Computed 433,489 rich equivalence classes for further processing
[2023-07-07 12:11:04.270] [jointLog] [info] Counted 32,799,073 total reads in the equivalence classes 
[2023-07-07 12:11:04.286] [jointLog] [info] Number of mappings discarded because of alignment score : 14,927,559
[2023-07-07 12:11:04.286] [jointLog] [info] Number of fragments entirely discarded because of alignment score : 891,826
[2023-07-07 12:11:04.286] [jointLog] [info] Number of fragments discarded because they are best-mapped to decoys : 0
[2023-07-07 12:11:04.286] [jointLog] [info] Number of fragments discarded because they have only dovetail (discordant) mappings to valid targets : 443,914
[2023-07-07 12:11:04.286] [jointLog] [info] Mapping rate = 92.5487%

[2023-07-07 12:11:04.286] [jointLog] [info] finished quantifyLibrary()
[2023-07-07 12:11:04.287] [jointLog] [info] Starting optimizer
[2023-07-07 12:11:20.179] [jointLog] [info] Marked 0 weighted equivalence classes as degenerate
[2023-07-07 12:11:20.200] [jointLog] [info] iteration = 0 | max rel diff. = 6729.79
[2023-07-07 12:11:22.222] [jointLog] [info] iteration = 100 | max rel diff. = 16.7955
[2023-07-07 12:11:24.087] [jointLog] [info] iteration = 200 | max rel diff. = 13.829
[2023-07-07 12:11:25.914] [jointLog] [info] iteration = 300 | max rel diff. = 2.85713
[2023-07-07 12:11:27.727] [jointLog] [info] iteration = 400 | max rel diff. = 1.60045
[2023-07-07 12:11:29.560] [jointLog] [info] iteration = 500 | max rel diff. = 0.347117
[2023-07-07 12:11:31.451] [jointLog] [info] iteration = 600 | max rel diff. = 0.486252
[2023-07-07 12:11:33.305] [jointLog] [info] iteration = 700 | max rel diff. = 1.90858
[2023-07-07 12:11:35.214] [jointLog] [info] iteration = 800 | max rel diff. = 0.079712
[2023-07-07 12:11:37.080] [jointLog] [info] iteration = 900 | max rel diff. = 0.843184
[2023-07-07 12:11:38.921] [jointLog] [info] iteration = 1,000 | max rel diff. = 0.0669735
[2023-07-07 12:11:40.825] [jointLog] [info] iteration = 1,100 | max rel diff. = 0.39909
[2023-07-07 12:11:42.728] [jointLog] [info] iteration = 1,200 | max rel diff. = 0.0255964
[2023-07-07 12:11:44.646] [jointLog] [info] iteration = 1,300 | max rel diff. = 0.171629
[2023-07-07 12:11:46.586] [jointLog] [info] iteration = 1,400 | max rel diff. = 0.0243804
[2023-07-07 12:11:48.523] [jointLog] [info] iteration = 1,500 | max rel diff. = 0.0564274
[2023-07-07 12:11:50.514] [jointLog] [info] iteration = 1,600 | max rel diff. = 0.0201555
[2023-07-07 12:11:52.529] [jointLog] [info] iteration = 1,700 | max rel diff. = 0.0213977
[2023-07-07 12:11:54.490] [jointLog] [info] iteration = 1,800 | max rel diff. = 0.388558
[2023-07-07 12:11:54.595] [jointLog] [info] iteration = 1,806 | max rel diff. = 0.00989899
[2023-07-07 12:11:54.617] [jointLog] [info] Finished optimizer
[2023-07-07 12:11:54.617] [jointLog] [info] writing output 

