[2023-07-07 12:02:27.606] [jointLog] [info] setting maxHashResizeThreads to 16
[2023-07-07 12:02:27.606] [jointLog] [info] Fragment incompatibility prior below threshold.  Incompatible fragments will be ignored.
[2023-07-07 12:02:27.606] [jointLog] [info] Usage of --validateMappings implies use of minScoreFraction. Since not explicitly specified, it is being set to 0.65
[2023-07-07 12:02:27.606] [jointLog] [info] Setting consensusSlack to selective-alignment default of 0.35.
[2023-07-07 12:02:27.606] [jointLog] [info] parsing read library format
[2023-07-07 12:02:27.606] [jointLog] [info] There is 1 library.
[2023-07-07 12:02:27.668] [jointLog] [info] Loading pufferfish index
[2023-07-07 12:02:27.668] [jointLog] [info] Loading dense pufferfish index.
[2023-07-07 12:02:28.354] [jointLog] [info] done
[2023-07-07 12:02:28.354] [jointLog] [info] Index contained 167,268 targets
[2023-07-07 12:02:28.388] [jointLog] [info] Number of decoys : 0
[2023-07-07 12:02:28.697] [jointLog] [info] Automatically detected most likely library type as IU

[2023-07-07 12:04:50.370] [fileLog] [info] 
At end of round 0
==================
Observed 33655481 total fragments (33655481 in most recent round)

[2023-07-07 12:04:50.370] [jointLog] [info] Computed 448,576 rich equivalence classes for further processing
[2023-07-07 12:04:50.370] [jointLog] [info] Counted 31,338,892 total reads in the equivalence classes 
[2023-07-07 12:04:50.385] [jointLog] [info] Number of mappings discarded because of alignment score : 15,168,002
[2023-07-07 12:04:50.386] [jointLog] [info] Number of fragments entirely discarded because of alignment score : 904,021
[2023-07-07 12:04:50.386] [jointLog] [info] Number of fragments discarded because they are best-mapped to decoys : 0
[2023-07-07 12:04:50.386] [jointLog] [info] Number of fragments discarded because they have only dovetail (discordant) mappings to valid targets : 351,311
[2023-07-07 12:04:50.386] [jointLog] [info] Mapping rate = 93.1168%

[2023-07-07 12:04:50.386] [jointLog] [info] finished quantifyLibrary()
[2023-07-07 12:04:50.386] [jointLog] [info] Starting optimizer
[2023-07-07 12:04:50.509] [jointLog] [info] Marked 0 weighted equivalence classes as degenerate
[2023-07-07 12:04:50.531] [jointLog] [info] iteration = 0 | max rel diff. = 6905.18
[2023-07-07 12:04:52.555] [jointLog] [info] iteration = 100 | max rel diff. = 16.9724
[2023-07-07 12:04:54.569] [jointLog] [info] iteration = 200 | max rel diff. = 3.65673
[2023-07-07 12:04:56.458] [jointLog] [info] iteration = 300 | max rel diff. = 0.523718
[2023-07-07 12:04:58.376] [jointLog] [info] iteration = 400 | max rel diff. = 3.37492
[2023-07-07 12:05:00.242] [jointLog] [info] iteration = 500 | max rel diff. = 0.516397
[2023-07-07 12:05:02.164] [jointLog] [info] iteration = 600 | max rel diff. = 1.13464
[2023-07-07 12:05:04.085] [jointLog] [info] iteration = 700 | max rel diff. = 0.197367
[2023-07-07 12:05:05.971] [jointLog] [info] iteration = 800 | max rel diff. = 0.484156
[2023-07-07 12:05:07.897] [jointLog] [info] iteration = 900 | max rel diff. = 0.405378
[2023-07-07 12:05:09.767] [jointLog] [info] iteration = 1,000 | max rel diff. = 0.436376
[2023-07-07 12:05:11.595] [jointLog] [info] iteration = 1,100 | max rel diff. = 0.0682504
[2023-07-07 12:05:13.455] [jointLog] [info] iteration = 1,200 | max rel diff. = 0.495553
[2023-07-07 12:05:15.355] [jointLog] [info] iteration = 1,300 | max rel diff. = 0.176627
[2023-07-07 12:05:17.245] [jointLog] [info] iteration = 1,400 | max rel diff. = 0.0181587
[2023-07-07 12:05:19.072] [jointLog] [info] iteration = 1,500 | max rel diff. = 0.201808
[2023-07-07 12:05:20.935] [jointLog] [info] iteration = 1,600 | max rel diff. = 0.0258637
[2023-07-07 12:05:22.788] [jointLog] [info] iteration = 1,700 | max rel diff. = 0.0905578
[2023-07-07 12:05:24.743] [jointLog] [info] iteration = 1,800 | max rel diff. = 0.179579
[2023-07-07 12:05:26.740] [jointLog] [info] iteration = 1,900 | max rel diff. = 2.08892
[2023-07-07 12:05:28.657] [jointLog] [info] iteration = 2,000 | max rel diff. = 0.173169
[2023-07-07 12:05:29.016] [jointLog] [info] iteration = 2,020 | max rel diff. = 0.00438457
[2023-07-07 12:05:29.030] [jointLog] [info] Finished optimizer
[2023-07-07 12:05:29.030] [jointLog] [info] writing output 

