[2023-07-07 12:05:30.405] [jointLog] [info] setting maxHashResizeThreads to 16
[2023-07-07 12:05:30.405] [jointLog] [info] Fragment incompatibility prior below threshold.  Incompatible fragments will be ignored.
[2023-07-07 12:05:30.405] [jointLog] [info] Usage of --validateMappings implies use of minScoreFraction. Since not explicitly specified, it is being set to 0.65
[2023-07-07 12:05:30.405] [jointLog] [info] Setting consensusSlack to selective-alignment default of 0.35.
[2023-07-07 12:05:30.405] [jointLog] [info] parsing read library format
[2023-07-07 12:05:30.405] [jointLog] [info] There is 1 library.
[2023-07-07 12:05:30.477] [jointLog] [info] Loading pufferfish index
[2023-07-07 12:05:30.477] [jointLog] [info] Loading dense pufferfish index.
[2023-07-07 12:05:31.156] [jointLog] [info] done
[2023-07-07 12:05:31.156] [jointLog] [info] Index contained 167,268 targets
[2023-07-07 12:05:31.189] [jointLog] [info] Number of decoys : 0
[2023-07-07 12:05:31.532] [jointLog] [info] Automatically detected most likely library type as IU

[2023-07-07 12:07:52.059] [fileLog] [info] 
At end of round 0
==================
Observed 34309989 total fragments (34309989 in most recent round)

[2023-07-07 12:07:52.058] [jointLog] [info] Computed 452,393 rich equivalence classes for further processing
[2023-07-07 12:07:52.058] [jointLog] [info] Counted 31,935,929 total reads in the equivalence classes 
[2023-07-07 12:07:52.074] [jointLog] [info] Number of mappings discarded because of alignment score : 15,593,805
[2023-07-07 12:07:52.074] [jointLog] [info] Number of fragments entirely discarded because of alignment score : 930,748
[2023-07-07 12:07:52.074] [jointLog] [info] Number of fragments discarded because they are best-mapped to decoys : 0
[2023-07-07 12:07:52.074] [jointLog] [info] Number of fragments discarded because they have only dovetail (discordant) mappings to valid targets : 357,594
[2023-07-07 12:07:52.074] [jointLog] [info] Mapping rate = 93.0806%

[2023-07-07 12:07:52.074] [jointLog] [info] finished quantifyLibrary()
[2023-07-07 12:07:52.074] [jointLog] [info] Starting optimizer
[2023-07-07 12:07:52.201] [jointLog] [info] Marked 0 weighted equivalence classes as degenerate
[2023-07-07 12:07:52.223] [jointLog] [info] iteration = 0 | max rel diff. = 6886.31
[2023-07-07 12:07:54.229] [jointLog] [info] iteration = 100 | max rel diff. = 19.4183
[2023-07-07 12:07:56.286] [jointLog] [info] iteration = 200 | max rel diff. = 5.89744
[2023-07-07 12:07:58.168] [jointLog] [info] iteration = 300 | max rel diff. = 17.5541
[2023-07-07 12:08:00.061] [jointLog] [info] iteration = 400 | max rel diff. = 0.957161
[2023-07-07 12:08:01.885] [jointLog] [info] iteration = 500 | max rel diff. = 0.729361
[2023-07-07 12:08:03.793] [jointLog] [info] iteration = 600 | max rel diff. = 0.370195
[2023-07-07 12:08:05.749] [jointLog] [info] iteration = 700 | max rel diff. = 0.21117
[2023-07-07 12:08:07.691] [jointLog] [info] iteration = 800 | max rel diff. = 0.278958
[2023-07-07 12:08:09.710] [jointLog] [info] iteration = 900 | max rel diff. = 0.563431
[2023-07-07 12:08:11.645] [jointLog] [info] iteration = 1,000 | max rel diff. = 0.207411
[2023-07-07 12:08:13.656] [jointLog] [info] iteration = 1,100 | max rel diff. = 2.49182
[2023-07-07 12:08:15.620] [jointLog] [info] iteration = 1,200 | max rel diff. = 0.0793634
[2023-07-07 12:08:17.525] [jointLog] [info] iteration = 1,300 | max rel diff. = 0.0454877
[2023-07-07 12:08:19.455] [jointLog] [info] iteration = 1,400 | max rel diff. = 0.0384135
[2023-07-07 12:08:21.402] [jointLog] [info] iteration = 1,500 | max rel diff. = 0.122
[2023-07-07 12:08:23.388] [jointLog] [info] iteration = 1,600 | max rel diff. = 0.0496416
[2023-07-07 12:08:25.351] [jointLog] [info] iteration = 1,700 | max rel diff. = 0.031741
[2023-07-07 12:08:27.379] [jointLog] [info] iteration = 1,800 | max rel diff. = 0.0167651
[2023-07-07 12:08:29.465] [jointLog] [info] iteration = 1,900 | max rel diff. = 0.0449019
[2023-07-07 12:08:31.317] [jointLog] [info] iteration = 1,993 | max rel diff. = 0.00834803
[2023-07-07 12:08:31.332] [jointLog] [info] Finished optimizer
[2023-07-07 12:08:31.332] [jointLog] [info] writing output 

