[2023-07-07 12:40:19.377] [jointLog] [info] setting maxHashResizeThreads to 16
[2023-07-07 12:40:19.377] [jointLog] [info] Fragment incompatibility prior below threshold.  Incompatible fragments will be ignored.
[2023-07-07 12:40:19.377] [jointLog] [info] Usage of --validateMappings implies use of minScoreFraction. Since not explicitly specified, it is being set to 0.65
[2023-07-07 12:40:19.377] [jointLog] [info] Setting consensusSlack to selective-alignment default of 0.35.
[2023-07-07 12:40:19.377] [jointLog] [info] parsing read library format
[2023-07-07 12:40:19.377] [jointLog] [info] There is 1 library.
[2023-07-07 12:40:19.457] [jointLog] [info] Loading pufferfish index
[2023-07-07 12:40:19.457] [jointLog] [info] Loading dense pufferfish index.
[2023-07-07 12:40:20.088] [jointLog] [info] done
[2023-07-07 12:40:20.088] [jointLog] [info] Index contained 167,268 targets
[2023-07-07 12:40:20.124] [jointLog] [info] Number of decoys : 0
[2023-07-07 12:40:20.588] [jointLog] [info] Automatically detected most likely library type as IU

[2023-07-07 12:43:18.622] [jointLog] [info] Computed 501,576 rich equivalence classes for further processing
[2023-07-07 12:43:18.622] [jointLog] [info] Counted 34,956,384 total reads in the equivalence classes 
[2023-07-07 12:43:18.637] [jointLog] [info] Number of mappings discarded because of alignment score : 18,220,833
[2023-07-07 12:43:18.637] [jointLog] [info] Number of fragments entirely discarded because of alignment score : 1,172,951
[2023-07-07 12:43:18.637] [jointLog] [info] Number of fragments discarded because they are best-mapped to decoys : 0
[2023-07-07 12:43:18.637] [jointLog] [info] Number of fragments discarded because they have only dovetail (discordant) mappings to valid targets : 416,926
[2023-07-07 12:43:18.637] [jointLog] [info] Mapping rate = 90.3747%

[2023-07-07 12:43:18.637] [jointLog] [info] finished quantifyLibrary()
[2023-07-07 12:43:18.637] [jointLog] [info] Starting optimizer
[2023-07-07 12:43:18.755] [jointLog] [info] Marked 0 weighted equivalence classes as degenerate
[2023-07-07 12:43:18.776] [jointLog] [info] iteration = 0 | max rel diff. = 6280.3
[2023-07-07 12:43:18.623] [fileLog] [info] 
At end of round 0
==================
Observed 38679409 total fragments (38679409 in most recent round)

[2023-07-07 12:43:20.829] [jointLog] [info] iteration = 100 | max rel diff. = 13.367
[2023-07-07 12:43:22.888] [jointLog] [info] iteration = 200 | max rel diff. = 5.4801
[2023-07-07 12:43:24.882] [jointLog] [info] iteration = 300 | max rel diff. = 5.01272
[2023-07-07 12:43:26.901] [jointLog] [info] iteration = 400 | max rel diff. = 1.8223
[2023-07-07 12:43:28.940] [jointLog] [info] iteration = 500 | max rel diff. = 2.15851
[2023-07-07 12:43:30.922] [jointLog] [info] iteration = 600 | max rel diff. = 3.93264
[2023-07-07 12:43:32.909] [jointLog] [info] iteration = 700 | max rel diff. = 0.183342
[2023-07-07 12:43:34.890] [jointLog] [info] iteration = 800 | max rel diff. = 0.151772
[2023-07-07 12:43:36.881] [jointLog] [info] iteration = 900 | max rel diff. = 1.30444
[2023-07-07 12:43:38.859] [jointLog] [info] iteration = 1,000 | max rel diff. = 0.12717
[2023-07-07 12:43:40.922] [jointLog] [info] iteration = 1,100 | max rel diff. = 0.227569
[2023-07-07 12:43:42.906] [jointLog] [info] iteration = 1,200 | max rel diff. = 0.0726652
[2023-07-07 12:43:44.905] [jointLog] [info] iteration = 1,300 | max rel diff. = 0.308116
[2023-07-07 12:43:46.889] [jointLog] [info] iteration = 1,400 | max rel diff. = 1.15735
[2023-07-07 12:43:48.904] [jointLog] [info] iteration = 1,500 | max rel diff. = 0.0778788
[2023-07-07 12:43:50.900] [jointLog] [info] iteration = 1,600 | max rel diff. = 0.0146016
[2023-07-07 12:43:52.911] [jointLog] [info] iteration = 1,700 | max rel diff. = 1.26743
[2023-07-07 12:43:54.902] [jointLog] [info] iteration = 1,800 | max rel diff. = 0.0392418
[2023-07-07 12:43:56.900] [jointLog] [info] iteration = 1,900 | max rel diff. = 0.122403
[2023-07-07 12:43:58.909] [jointLog] [info] iteration = 2,000 | max rel diff. = 0.0492596
[2023-07-07 12:44:00.937] [jointLog] [info] iteration = 2,100 | max rel diff. = 0.100078
[2023-07-07 12:44:02.960] [jointLog] [info] iteration = 2,200 | max rel diff. = 0.0520019
[2023-07-07 12:44:04.109] [jointLog] [info] iteration = 2,260 | max rel diff. = 0.00581831
[2023-07-07 12:44:04.123] [jointLog] [info] Finished optimizer
[2023-07-07 12:44:04.123] [jointLog] [info] writing output 

