[2023-07-07 13:09:15.248] [jointLog] [info] setting maxHashResizeThreads to 16
[2023-07-07 13:09:15.248] [jointLog] [info] Fragment incompatibility prior below threshold.  Incompatible fragments will be ignored.
[2023-07-07 13:09:15.248] [jointLog] [info] Usage of --validateMappings implies use of minScoreFraction. Since not explicitly specified, it is being set to 0.65
[2023-07-07 13:09:15.248] [jointLog] [info] Setting consensusSlack to selective-alignment default of 0.35.
[2023-07-07 13:09:15.248] [jointLog] [info] parsing read library format
[2023-07-07 13:09:15.248] [jointLog] [info] There is 1 library.
[2023-07-07 13:09:15.314] [jointLog] [info] Loading pufferfish index
[2023-07-07 13:09:15.314] [jointLog] [info] Loading dense pufferfish index.
[2023-07-07 13:09:15.923] [jointLog] [info] done
[2023-07-07 13:09:15.923] [jointLog] [info] Index contained 167,268 targets
[2023-07-07 13:09:15.953] [jointLog] [info] Number of decoys : 0
[2023-07-07 13:09:16.275] [jointLog] [info] Automatically detected most likely library type as IU

[2023-07-07 13:11:10.181] [jointLog] [info] Computed 421,620 rich equivalence classes for further processing
[2023-07-07 13:11:10.181] [jointLog] [info] Counted 29,943,959 total reads in the equivalence classes 
[2023-07-07 13:11:10.195] [jointLog] [info] Number of mappings discarded because of alignment score : 14,073,532
[2023-07-07 13:11:10.195] [jointLog] [info] Number of fragments entirely discarded because of alignment score : 661,294
[2023-07-07 13:11:10.195] [jointLog] [info] Number of fragments discarded because they are best-mapped to decoys : 0
[2023-07-07 13:11:10.195] [jointLog] [info] Number of fragments discarded because they have only dovetail (discordant) mappings to valid targets : 447,081
[2023-07-07 13:11:10.195] [jointLog] [info] Mapping rate = 92.9275%

[2023-07-07 13:11:10.195] [jointLog] [info] finished quantifyLibrary()
[2023-07-07 13:11:10.196] [jointLog] [info] Starting optimizer
[2023-07-07 13:11:10.310] [jointLog] [info] Marked 0 weighted equivalence classes as degenerate
[2023-07-07 13:11:10.329] [jointLog] [info] iteration = 0 | max rel diff. = 7108.36
[2023-07-07 13:11:10.181] [fileLog] [info] 
At end of round 0
==================
Observed 32222935 total fragments (32222935 in most recent round)

[2023-07-07 13:11:12.169] [jointLog] [info] iteration = 100 | max rel diff. = 19.2729
[2023-07-07 13:11:14.018] [jointLog] [info] iteration = 200 | max rel diff. = 7.66388
[2023-07-07 13:11:15.787] [jointLog] [info] iteration = 300 | max rel diff. = 3.372
[2023-07-07 13:11:17.563] [jointLog] [info] iteration = 400 | max rel diff. = 1.18257
[2023-07-07 13:11:19.328] [jointLog] [info] iteration = 500 | max rel diff. = 0.293239
[2023-07-07 13:11:21.112] [jointLog] [info] iteration = 600 | max rel diff. = 6.52793
[2023-07-07 13:11:22.895] [jointLog] [info] iteration = 700 | max rel diff. = 1.30767
[2023-07-07 13:11:24.730] [jointLog] [info] iteration = 800 | max rel diff. = 0.467123
[2023-07-07 13:11:26.578] [jointLog] [info] iteration = 900 | max rel diff. = 0.0669985
[2023-07-07 13:11:28.397] [jointLog] [info] iteration = 1,000 | max rel diff. = 0.176444
[2023-07-07 13:11:30.212] [jointLog] [info] iteration = 1,100 | max rel diff. = 0.136938
[2023-07-07 13:11:31.995] [jointLog] [info] iteration = 1,200 | max rel diff. = 0.115988
[2023-07-07 13:11:33.791] [jointLog] [info] iteration = 1,300 | max rel diff. = 0.0424025
[2023-07-07 13:11:35.630] [jointLog] [info] iteration = 1,400 | max rel diff. = 0.276377
[2023-07-07 13:11:37.429] [jointLog] [info] iteration = 1,500 | max rel diff. = 0.0439794
[2023-07-07 13:11:39.192] [jointLog] [info] iteration = 1,600 | max rel diff. = 0.022199
[2023-07-07 13:11:40.964] [jointLog] [info] iteration = 1,700 | max rel diff. = 0.0936351
[2023-07-07 13:11:42.758] [jointLog] [info] iteration = 1,800 | max rel diff. = 0.0581413
[2023-07-07 13:11:44.407] [jointLog] [info] iteration = 1,897 | max rel diff. = 0.00648437
[2023-07-07 13:11:44.422] [jointLog] [info] Finished optimizer
[2023-07-07 13:11:44.422] [jointLog] [info] writing output 

