[2023-07-07 11:56:30.010] [jointLog] [info] setting maxHashResizeThreads to 16
[2023-07-07 11:56:30.010] [jointLog] [info] Fragment incompatibility prior below threshold.  Incompatible fragments will be ignored.
[2023-07-07 11:56:30.010] [jointLog] [info] Usage of --validateMappings implies use of minScoreFraction. Since not explicitly specified, it is being set to 0.65
[2023-07-07 11:56:30.010] [jointLog] [info] Setting consensusSlack to selective-alignment default of 0.35.
[2023-07-07 11:56:30.010] [jointLog] [info] parsing read library format
[2023-07-07 11:56:30.010] [jointLog] [info] There is 1 library.
[2023-07-07 11:56:30.092] [jointLog] [info] Loading pufferfish index
[2023-07-07 11:56:30.092] [jointLog] [info] Loading dense pufferfish index.
[2023-07-07 11:56:30.751] [jointLog] [info] done
[2023-07-07 11:56:30.751] [jointLog] [info] Index contained 167,268 targets
[2023-07-07 11:56:30.782] [jointLog] [info] Number of decoys : 0
[2023-07-07 11:56:31.130] [jointLog] [info] Automatically detected most likely library type as IU

[2023-07-07 11:58:49.034] [fileLog] [info] 
At end of round 0
==================
Observed 34295471 total fragments (34295471 in most recent round)

[2023-07-07 11:58:49.034] [jointLog] [info] Computed 459,081 rich equivalence classes for further processing
[2023-07-07 11:58:49.034] [jointLog] [info] Counted 31,468,743 total reads in the equivalence classes 
[2023-07-07 11:58:49.049] [jointLog] [info] Number of mappings discarded because of alignment score : 16,853,952
[2023-07-07 11:58:49.049] [jointLog] [info] Number of fragments entirely discarded because of alignment score : 1,019,105
[2023-07-07 11:58:49.049] [jointLog] [info] Number of fragments discarded because they are best-mapped to decoys : 0
[2023-07-07 11:58:49.049] [jointLog] [info] Number of fragments discarded because they have only dovetail (discordant) mappings to valid targets : 368,061
[2023-07-07 11:58:49.049] [jointLog] [info] Mapping rate = 91.7577%

[2023-07-07 11:58:49.049] [jointLog] [info] finished quantifyLibrary()
[2023-07-07 11:58:49.049] [jointLog] [info] Starting optimizer
[2023-07-07 11:58:49.206] [jointLog] [info] Marked 0 weighted equivalence classes as degenerate
[2023-07-07 11:58:49.228] [jointLog] [info] iteration = 0 | max rel diff. = 6940.19
[2023-07-07 11:58:51.256] [jointLog] [info] iteration = 100 | max rel diff. = 16.9765
[2023-07-07 11:58:53.266] [jointLog] [info] iteration = 200 | max rel diff. = 16.2379
[2023-07-07 11:58:55.277] [jointLog] [info] iteration = 300 | max rel diff. = 12.7909
[2023-07-07 11:58:57.281] [jointLog] [info] iteration = 400 | max rel diff. = 5.58963
[2023-07-07 11:58:59.161] [jointLog] [info] iteration = 500 | max rel diff. = 2.30449
[2023-07-07 11:59:01.048] [jointLog] [info] iteration = 600 | max rel diff. = 0.732549
[2023-07-07 11:59:02.996] [jointLog] [info] iteration = 700 | max rel diff. = 3.45394
[2023-07-07 11:59:04.847] [jointLog] [info] iteration = 800 | max rel diff. = 0.117833
[2023-07-07 11:59:06.754] [jointLog] [info] iteration = 900 | max rel diff. = 0.80305
[2023-07-07 11:59:08.633] [jointLog] [info] iteration = 1,000 | max rel diff. = 2.48715
[2023-07-07 11:59:10.538] [jointLog] [info] iteration = 1,100 | max rel diff. = 0.162857
[2023-07-07 11:59:12.405] [jointLog] [info] iteration = 1,200 | max rel diff. = 0.107709
[2023-07-07 11:59:14.240] [jointLog] [info] iteration = 1,300 | max rel diff. = 0.441897
[2023-07-07 11:59:16.084] [jointLog] [info] iteration = 1,400 | max rel diff. = 0.054372
[2023-07-07 11:59:17.926] [jointLog] [info] iteration = 1,500 | max rel diff. = 0.0355019
[2023-07-07 11:59:19.801] [jointLog] [info] iteration = 1,600 | max rel diff. = 0.0438111
[2023-07-07 11:59:21.703] [jointLog] [info] iteration = 1,700 | max rel diff. = 0.0344312
[2023-07-07 11:59:23.587] [jointLog] [info] iteration = 1,800 | max rel diff. = 0.137875
[2023-07-07 11:59:25.531] [jointLog] [info] iteration = 1,900 | max rel diff. = 0.0618811
[2023-07-07 11:59:27.531] [jointLog] [info] iteration = 2,000 | max rel diff. = 0.0192839
[2023-07-07 11:59:28.594] [jointLog] [info] iteration = 2,053 | max rel diff. = 0.00663204
[2023-07-07 11:59:28.610] [jointLog] [info] Finished optimizer
[2023-07-07 11:59:28.610] [jointLog] [info] writing output 

