[2023-07-07 11:30:33.752] [jointLog] [info] setting maxHashResizeThreads to 16
[2023-07-07 11:30:33.752] [jointLog] [info] Fragment incompatibility prior below threshold.  Incompatible fragments will be ignored.
[2023-07-07 11:30:33.752] [jointLog] [info] Usage of --validateMappings implies use of minScoreFraction. Since not explicitly specified, it is being set to 0.65
[2023-07-07 11:30:33.752] [jointLog] [info] Setting consensusSlack to selective-alignment default of 0.35.
[2023-07-07 11:30:33.752] [jointLog] [info] parsing read library format
[2023-07-07 11:30:33.752] [jointLog] [info] There is 1 library.
[2023-07-07 11:30:33.815] [jointLog] [info] Loading pufferfish index
[2023-07-07 11:30:33.816] [jointLog] [info] Loading dense pufferfish index.
[2023-07-07 11:30:34.428] [jointLog] [info] done
[2023-07-07 11:30:34.428] [jointLog] [info] Index contained 167,268 targets
[2023-07-07 11:30:34.460] [jointLog] [info] Number of decoys : 0
[2023-07-07 11:30:34.821] [jointLog] [info] Automatically detected most likely library type as IU

[2023-07-07 11:33:00.124] [jointLog] [info] Computed 466,216 rich equivalence classes for further processing
[2023-07-07 11:33:00.124] [jointLog] [info] Counted 33,966,021 total reads in the equivalence classes 
[2023-07-07 11:33:00.140] [jointLog] [info] Number of mappings discarded because of alignment score : 17,219,540
[2023-07-07 11:33:00.140] [jointLog] [info] Number of fragments entirely discarded because of alignment score : 1,012,331
[2023-07-07 11:33:00.140] [jointLog] [info] Number of fragments discarded because they are best-mapped to decoys : 0
[2023-07-07 11:33:00.140] [jointLog] [info] Number of fragments discarded because they have only dovetail (discordant) mappings to valid targets : 387,968
[2023-07-07 11:33:00.140] [jointLog] [info] Mapping rate = 92.5043%

[2023-07-07 11:33:00.140] [jointLog] [info] finished quantifyLibrary()
[2023-07-07 11:33:00.140] [jointLog] [info] Starting optimizer
[2023-07-07 11:33:00.125] [fileLog] [info] 
At end of round 0
==================
Observed 36718317 total fragments (36718317 in most recent round)

[2023-07-07 11:33:17.242] [jointLog] [info] Marked 0 weighted equivalence classes as degenerate
[2023-07-07 11:33:17.263] [jointLog] [info] iteration = 0 | max rel diff. = 6434.64
[2023-07-07 11:33:19.209] [jointLog] [info] iteration = 100 | max rel diff. = 19.2856
[2023-07-07 11:33:21.246] [jointLog] [info] iteration = 200 | max rel diff. = 16.9767
[2023-07-07 11:33:23.242] [jointLog] [info] iteration = 300 | max rel diff. = 7.919
[2023-07-07 11:33:25.160] [jointLog] [info] iteration = 400 | max rel diff. = 13.5454
[2023-07-07 11:33:27.128] [jointLog] [info] iteration = 500 | max rel diff. = 0.368606
[2023-07-07 11:33:29.083] [jointLog] [info] iteration = 600 | max rel diff. = 1.70139
[2023-07-07 11:33:31.093] [jointLog] [info] iteration = 700 | max rel diff. = 0.162254
[2023-07-07 11:33:33.131] [jointLog] [info] iteration = 800 | max rel diff. = 0.0688599
[2023-07-07 11:33:35.183] [jointLog] [info] iteration = 900 | max rel diff. = 0.0988297
[2023-07-07 11:33:37.224] [jointLog] [info] iteration = 1,000 | max rel diff. = 0.539106
[2023-07-07 11:33:39.275] [jointLog] [info] iteration = 1,100 | max rel diff. = 0.333592
[2023-07-07 11:33:41.285] [jointLog] [info] iteration = 1,200 | max rel diff. = 0.1153
[2023-07-07 11:33:43.333] [jointLog] [info] iteration = 1,300 | max rel diff. = 0.136866
[2023-07-07 11:33:45.344] [jointLog] [info] iteration = 1,400 | max rel diff. = 0.0363891
[2023-07-07 11:33:47.355] [jointLog] [info] iteration = 1,500 | max rel diff. = 0.435884
[2023-07-07 11:33:49.335] [jointLog] [info] iteration = 1,600 | max rel diff. = 0.137339
[2023-07-07 11:33:51.200] [jointLog] [info] iteration = 1,700 | max rel diff. = 0.0330069
[2023-07-07 11:33:53.134] [jointLog] [info] iteration = 1,800 | max rel diff. = 0.331889
[2023-07-07 11:33:53.212] [jointLog] [info] iteration = 1,805 | max rel diff. = 0.00382242
[2023-07-07 11:33:53.224] [jointLog] [info] Finished optimizer
[2023-07-07 11:33:53.224] [jointLog] [info] writing output 

