[2023-07-07 11:53:25.725] [jointLog] [info] setting maxHashResizeThreads to 16
[2023-07-07 11:53:25.725] [jointLog] [info] Fragment incompatibility prior below threshold.  Incompatible fragments will be ignored.
[2023-07-07 11:53:25.725] [jointLog] [info] Usage of --validateMappings implies use of minScoreFraction. Since not explicitly specified, it is being set to 0.65
[2023-07-07 11:53:25.725] [jointLog] [info] Setting consensusSlack to selective-alignment default of 0.35.
[2023-07-07 11:53:25.725] [jointLog] [info] parsing read library format
[2023-07-07 11:53:25.725] [jointLog] [info] There is 1 library.
[2023-07-07 11:53:25.797] [jointLog] [info] Loading pufferfish index
[2023-07-07 11:53:25.797] [jointLog] [info] Loading dense pufferfish index.
[2023-07-07 11:53:26.484] [jointLog] [info] done
[2023-07-07 11:53:26.484] [jointLog] [info] Index contained 167,268 targets
[2023-07-07 11:53:26.518] [jointLog] [info] Number of decoys : 0
[2023-07-07 11:53:26.827] [jointLog] [info] Automatically detected most likely library type as IU

[2023-07-07 11:55:44.535] [fileLog] [info] 
At end of round 0
==================
Observed 33327163 total fragments (33327163 in most recent round)

[2023-07-07 11:55:44.535] [jointLog] [info] Computed 453,482 rich equivalence classes for further processing
[2023-07-07 11:55:44.535] [jointLog] [info] Counted 30,587,908 total reads in the equivalence classes 
[2023-07-07 11:55:44.550] [jointLog] [info] Number of mappings discarded because of alignment score : 16,101,977
[2023-07-07 11:55:44.550] [jointLog] [info] Number of fragments entirely discarded because of alignment score : 983,567
[2023-07-07 11:55:44.550] [jointLog] [info] Number of fragments discarded because they are best-mapped to decoys : 0
[2023-07-07 11:55:44.550] [jointLog] [info] Number of fragments discarded because they have only dovetail (discordant) mappings to valid targets : 356,346
[2023-07-07 11:55:44.550] [jointLog] [info] Mapping rate = 91.7807%

[2023-07-07 11:55:44.550] [jointLog] [info] finished quantifyLibrary()
[2023-07-07 11:55:44.550] [jointLog] [info] Starting optimizer
[2023-07-07 11:55:44.698] [jointLog] [info] Marked 0 weighted equivalence classes as degenerate
[2023-07-07 11:55:44.719] [jointLog] [info] iteration = 0 | max rel diff. = 6918.56
[2023-07-07 11:55:46.792] [jointLog] [info] iteration = 100 | max rel diff. = 19.3237
[2023-07-07 11:55:48.768] [jointLog] [info] iteration = 200 | max rel diff. = 20.8872
[2023-07-07 11:55:50.720] [jointLog] [info] iteration = 300 | max rel diff. = 2.01125
[2023-07-07 11:55:52.722] [jointLog] [info] iteration = 400 | max rel diff. = 9.47334
[2023-07-07 11:55:54.708] [jointLog] [info] iteration = 500 | max rel diff. = 0.598915
[2023-07-07 11:55:56.680] [jointLog] [info] iteration = 600 | max rel diff. = 1.38129
[2023-07-07 11:55:58.612] [jointLog] [info] iteration = 700 | max rel diff. = 1.01986
[2023-07-07 11:56:00.521] [jointLog] [info] iteration = 800 | max rel diff. = 5.16633
[2023-07-07 11:56:02.424] [jointLog] [info] iteration = 900 | max rel diff. = 0.956459
[2023-07-07 11:56:04.337] [jointLog] [info] iteration = 1,000 | max rel diff. = 0.0805931
[2023-07-07 11:56:06.310] [jointLog] [info] iteration = 1,100 | max rel diff. = 1.72574
[2023-07-07 11:56:08.285] [jointLog] [info] iteration = 1,200 | max rel diff. = 0.141564
[2023-07-07 11:56:10.289] [jointLog] [info] iteration = 1,300 | max rel diff. = 0.177483
[2023-07-07 11:56:12.410] [jointLog] [info] iteration = 1,400 | max rel diff. = 0.0137517
[2023-07-07 11:56:14.424] [jointLog] [info] iteration = 1,500 | max rel diff. = 0.429083
[2023-07-07 11:56:16.358] [jointLog] [info] iteration = 1,600 | max rel diff. = 0.0128216
[2023-07-07 11:56:18.346] [jointLog] [info] iteration = 1,700 | max rel diff. = 0.0430442
[2023-07-07 11:56:20.362] [jointLog] [info] iteration = 1,800 | max rel diff. = 12.7185
[2023-07-07 11:56:22.401] [jointLog] [info] iteration = 1,900 | max rel diff. = 0.0486453
[2023-07-07 11:56:24.361] [jointLog] [info] iteration = 2,000 | max rel diff. = 0.0424053
[2023-07-07 11:56:26.395] [jointLog] [info] iteration = 2,100 | max rel diff. = 0.0508043
[2023-07-07 11:56:28.408] [jointLog] [info] iteration = 2,200 | max rel diff. = 0.0545184
[2023-07-07 11:56:28.783] [jointLog] [info] iteration = 2,221 | max rel diff. = 0.00465297
[2023-07-07 11:56:28.794] [jointLog] [info] Finished optimizer
[2023-07-07 11:56:28.794] [jointLog] [info] writing output 

