[2023-07-07 13:11:45.519] [jointLog] [info] setting maxHashResizeThreads to 16
[2023-07-07 13:11:45.519] [jointLog] [info] Fragment incompatibility prior below threshold.  Incompatible fragments will be ignored.
[2023-07-07 13:11:45.519] [jointLog] [info] Usage of --validateMappings implies use of minScoreFraction. Since not explicitly specified, it is being set to 0.65
[2023-07-07 13:11:45.519] [jointLog] [info] Setting consensusSlack to selective-alignment default of 0.35.
[2023-07-07 13:11:45.519] [jointLog] [info] parsing read library format
[2023-07-07 13:11:45.519] [jointLog] [info] There is 1 library.
[2023-07-07 13:11:45.589] [jointLog] [info] Loading pufferfish index
[2023-07-07 13:11:45.589] [jointLog] [info] Loading dense pufferfish index.
[2023-07-07 13:11:46.207] [jointLog] [info] done
[2023-07-07 13:11:46.207] [jointLog] [info] Index contained 167,268 targets
[2023-07-07 13:11:46.243] [jointLog] [info] Number of decoys : 0
[2023-07-07 13:11:46.564] [jointLog] [info] Automatically detected most likely library type as IU

[2023-07-07 13:13:39.016] [jointLog] [info] Computed 422,500 rich equivalence classes for further processing
[2023-07-07 13:13:39.016] [jointLog] [info] Counted 30,014,013 total reads in the equivalence classes 
[2023-07-07 13:13:39.031] [jointLog] [info] Number of mappings discarded because of alignment score : 14,141,250
[2023-07-07 13:13:39.031] [jointLog] [info] Number of fragments entirely discarded because of alignment score : 668,922
[2023-07-07 13:13:39.031] [jointLog] [info] Number of fragments discarded because they are best-mapped to decoys : 0
[2023-07-07 13:13:39.031] [jointLog] [info] Number of fragments discarded because they have only dovetail (discordant) mappings to valid targets : 448,126
[2023-07-07 13:13:39.031] [jointLog] [info] Mapping rate = 92.9064%

[2023-07-07 13:13:39.031] [jointLog] [info] finished quantifyLibrary()
[2023-07-07 13:13:39.031] [jointLog] [info] Starting optimizer
[2023-07-07 13:13:39.153] [jointLog] [info] Marked 0 weighted equivalence classes as degenerate
[2023-07-07 13:13:39.172] [jointLog] [info] iteration = 0 | max rel diff. = 7158.91
[2023-07-07 13:13:39.017] [fileLog] [info] 
At end of round 0
==================
Observed 32305641 total fragments (32305641 in most recent round)

[2023-07-07 13:13:40.947] [jointLog] [info] iteration = 100 | max rel diff. = 16.3063
[2023-07-07 13:13:42.702] [jointLog] [info] iteration = 200 | max rel diff. = 16.1311
[2023-07-07 13:13:44.456] [jointLog] [info] iteration = 300 | max rel diff. = 10.3679
[2023-07-07 13:13:46.194] [jointLog] [info] iteration = 400 | max rel diff. = 0.603836
[2023-07-07 13:13:47.928] [jointLog] [info] iteration = 500 | max rel diff. = 1.83795
[2023-07-07 13:13:49.662] [jointLog] [info] iteration = 600 | max rel diff. = 0.96919
[2023-07-07 13:13:51.406] [jointLog] [info] iteration = 700 | max rel diff. = 7.19798
[2023-07-07 13:13:53.111] [jointLog] [info] iteration = 800 | max rel diff. = 9.01898
[2023-07-07 13:13:54.816] [jointLog] [info] iteration = 900 | max rel diff. = 1.83298
[2023-07-07 13:13:56.516] [jointLog] [info] iteration = 1,000 | max rel diff. = 0.293264
[2023-07-07 13:13:58.241] [jointLog] [info] iteration = 1,100 | max rel diff. = 0.0373687
[2023-07-07 13:13:59.975] [jointLog] [info] iteration = 1,200 | max rel diff. = 0.135898
[2023-07-07 13:14:01.697] [jointLog] [info] iteration = 1,300 | max rel diff. = 0.0747402
[2023-07-07 13:14:03.407] [jointLog] [info] iteration = 1,400 | max rel diff. = 1.96185
[2023-07-07 13:14:05.123] [jointLog] [info] iteration = 1,500 | max rel diff. = 0.0904332
[2023-07-07 13:14:05.380] [jointLog] [info] iteration = 1,516 | max rel diff. = 0.00818873
[2023-07-07 13:14:05.394] [jointLog] [info] Finished optimizer
[2023-07-07 13:14:05.394] [jointLog] [info] writing output 

