[2023-07-07 13:01:51.399] [jointLog] [info] setting maxHashResizeThreads to 16
[2023-07-07 13:01:51.399] [jointLog] [info] Fragment incompatibility prior below threshold.  Incompatible fragments will be ignored.
[2023-07-07 13:01:51.399] [jointLog] [info] Usage of --validateMappings implies use of minScoreFraction. Since not explicitly specified, it is being set to 0.65
[2023-07-07 13:01:51.399] [jointLog] [info] Setting consensusSlack to selective-alignment default of 0.35.
[2023-07-07 13:01:51.399] [jointLog] [info] parsing read library format
[2023-07-07 13:01:51.399] [jointLog] [info] There is 1 library.
[2023-07-07 13:01:51.469] [jointLog] [info] Loading pufferfish index
[2023-07-07 13:01:51.469] [jointLog] [info] Loading dense pufferfish index.
[2023-07-07 13:01:52.068] [jointLog] [info] done
[2023-07-07 13:01:52.068] [jointLog] [info] Index contained 167,268 targets
[2023-07-07 13:01:52.100] [jointLog] [info] Number of decoys : 0
[2023-07-07 13:01:52.518] [jointLog] [info] Automatically detected most likely library type as IU

[2023-07-07 13:03:44.330] [jointLog] [info] Computed 422,162 rich equivalence classes for further processing
[2023-07-07 13:03:44.330] [jointLog] [info] Counted 27,836,131 total reads in the equivalence classes 
[2023-07-07 13:03:44.347] [jointLog] [info] Number of mappings discarded because of alignment score : 13,906,705
[2023-07-07 13:03:44.347] [jointLog] [info] Number of fragments entirely discarded because of alignment score : 873,968
[2023-07-07 13:03:44.347] [jointLog] [info] Number of fragments discarded because they are best-mapped to decoys : 0
[2023-07-07 13:03:44.347] [jointLog] [info] Number of fragments discarded because they have only dovetail (discordant) mappings to valid targets : 368,321
[2023-07-07 13:03:44.347] [jointLog] [info] Mapping rate = 92.0457%

[2023-07-07 13:03:44.347] [jointLog] [info] finished quantifyLibrary()
[2023-07-07 13:03:44.347] [jointLog] [info] Starting optimizer
[2023-07-07 13:03:44.478] [jointLog] [info] Marked 0 weighted equivalence classes as degenerate
[2023-07-07 13:03:44.497] [jointLog] [info] iteration = 0 | max rel diff. = 7338.81
[2023-07-07 13:03:44.331] [fileLog] [info] 
At end of round 0
==================
Observed 30241657 total fragments (30241657 in most recent round)

[2023-07-07 13:03:46.386] [jointLog] [info] iteration = 100 | max rel diff. = 19.9477
[2023-07-07 13:03:48.214] [jointLog] [info] iteration = 200 | max rel diff. = 13.3341
[2023-07-07 13:03:49.994] [jointLog] [info] iteration = 300 | max rel diff. = 11.0312
[2023-07-07 13:03:51.785] [jointLog] [info] iteration = 400 | max rel diff. = 1.56982
[2023-07-07 13:03:53.600] [jointLog] [info] iteration = 500 | max rel diff. = 1.77031
[2023-07-07 13:03:55.547] [jointLog] [info] iteration = 600 | max rel diff. = 0.853299
[2023-07-07 13:03:57.430] [jointLog] [info] iteration = 700 | max rel diff. = 0.189816
[2023-07-07 13:03:59.210] [jointLog] [info] iteration = 800 | max rel diff. = 0.204023
[2023-07-07 13:04:00.953] [jointLog] [info] iteration = 900 | max rel diff. = 0.417767
[2023-07-07 13:04:02.703] [jointLog] [info] iteration = 1,000 | max rel diff. = 0.136981
[2023-07-07 13:04:04.671] [jointLog] [info] iteration = 1,100 | max rel diff. = 0.973541
[2023-07-07 13:04:06.605] [jointLog] [info] iteration = 1,200 | max rel diff. = 0.0485065
[2023-07-07 13:04:08.466] [jointLog] [info] iteration = 1,300 | max rel diff. = 0.0388555
[2023-07-07 13:04:10.272] [jointLog] [info] iteration = 1,400 | max rel diff. = 12.369
[2023-07-07 13:04:12.074] [jointLog] [info] iteration = 1,500 | max rel diff. = 0.0784495
[2023-07-07 13:04:13.943] [jointLog] [info] iteration = 1,600 | max rel diff. = 0.016183
[2023-07-07 13:04:15.690] [jointLog] [info] iteration = 1,700 | max rel diff. = 0.0563046
[2023-07-07 13:04:17.410] [jointLog] [info] iteration = 1,800 | max rel diff. = 0.103701
[2023-07-07 13:04:19.234] [jointLog] [info] iteration = 1,900 | max rel diff. = 0.167709
[2023-07-07 13:04:21.080] [jointLog] [info] iteration = 2,000 | max rel diff. = 0.377386
[2023-07-07 13:04:22.940] [jointLog] [info] iteration = 2,100 | max rel diff. = 0.0615167
[2023-07-07 13:04:24.707] [jointLog] [info] iteration = 2,200 | max rel diff. = 0.0515195
[2023-07-07 13:04:26.426] [jointLog] [info] iteration = 2,300 | max rel diff. = 0.184596
[2023-07-07 13:04:26.771] [jointLog] [info] iteration = 2,320 | max rel diff. = 0.00748268
[2023-07-07 13:04:26.783] [jointLog] [info] Finished optimizer
[2023-07-07 13:04:26.783] [jointLog] [info] writing output 

