[2023-07-07 11:43:34.874] [jointLog] [info] setting maxHashResizeThreads to 16
[2023-07-07 11:43:34.874] [jointLog] [info] Fragment incompatibility prior below threshold.  Incompatible fragments will be ignored.
[2023-07-07 11:43:34.874] [jointLog] [info] Usage of --validateMappings implies use of minScoreFraction. Since not explicitly specified, it is being set to 0.65
[2023-07-07 11:43:34.874] [jointLog] [info] Setting consensusSlack to selective-alignment default of 0.35.
[2023-07-07 11:43:34.874] [jointLog] [info] parsing read library format
[2023-07-07 11:43:34.874] [jointLog] [info] There is 1 library.
[2023-07-07 11:43:34.932] [jointLog] [info] Loading pufferfish index
[2023-07-07 11:43:34.932] [jointLog] [info] Loading dense pufferfish index.
[2023-07-07 11:43:35.570] [jointLog] [info] done
[2023-07-07 11:43:35.570] [jointLog] [info] Index contained 167,268 targets
[2023-07-07 11:43:35.603] [jointLog] [info] Number of decoys : 0
[2023-07-07 11:43:35.948] [jointLog] [info] Automatically detected most likely library type as IU

[2023-07-07 11:46:18.501] [jointLog] [info] Computed 458,630 rich equivalence classes for further processing
[2023-07-07 11:46:18.501] [jointLog] [info] Counted 37,014,915 total reads in the equivalence classes 
[2023-07-07 11:46:18.516] [jointLog] [info] Number of mappings discarded because of alignment score : 17,407,585
[2023-07-07 11:46:18.516] [jointLog] [info] Number of fragments entirely discarded because of alignment score : 1,124,021
[2023-07-07 11:46:18.516] [jointLog] [info] Number of fragments discarded because they are best-mapped to decoys : 0
[2023-07-07 11:46:18.516] [jointLog] [info] Number of fragments discarded because they have only dovetail (discordant) mappings to valid targets : 445,436
[2023-07-07 11:46:18.516] [jointLog] [info] Mapping rate = 92.4002%

[2023-07-07 11:46:18.516] [jointLog] [info] finished quantifyLibrary()
[2023-07-07 11:46:18.516] [jointLog] [info] Starting optimizer
[2023-07-07 11:46:18.502] [fileLog] [info] 
At end of round 0
==================
Observed 40059325 total fragments (40059325 in most recent round)

[2023-07-07 11:46:18.632] [jointLog] [info] Marked 0 weighted equivalence classes as degenerate
[2023-07-07 11:46:18.654] [jointLog] [info] iteration = 0 | max rel diff. = 5502.96
[2023-07-07 11:46:20.660] [jointLog] [info] iteration = 100 | max rel diff. = 9.05258
[2023-07-07 11:46:22.611] [jointLog] [info] iteration = 200 | max rel diff. = 16.5543
[2023-07-07 11:46:24.524] [jointLog] [info] iteration = 300 | max rel diff. = 0.836246
[2023-07-07 11:46:26.461] [jointLog] [info] iteration = 400 | max rel diff. = 7.79896
[2023-07-07 11:46:28.370] [jointLog] [info] iteration = 500 | max rel diff. = 0.469623
[2023-07-07 11:46:30.258] [jointLog] [info] iteration = 600 | max rel diff. = 0.412185
[2023-07-07 11:46:32.187] [jointLog] [info] iteration = 700 | max rel diff. = 0.33066
[2023-07-07 11:46:34.077] [jointLog] [info] iteration = 800 | max rel diff. = 0.291069
[2023-07-07 11:46:36.033] [jointLog] [info] iteration = 900 | max rel diff. = 0.221373
[2023-07-07 11:46:37.959] [jointLog] [info] iteration = 1,000 | max rel diff. = 0.114892
[2023-07-07 11:46:39.846] [jointLog] [info] iteration = 1,100 | max rel diff. = 7.39735
[2023-07-07 11:46:41.680] [jointLog] [info] iteration = 1,200 | max rel diff. = 0.0362973
[2023-07-07 11:46:43.558] [jointLog] [info] iteration = 1,300 | max rel diff. = 0.113984
[2023-07-07 11:46:45.451] [jointLog] [info] iteration = 1,400 | max rel diff. = 0.0362793
[2023-07-07 11:46:47.380] [jointLog] [info] iteration = 1,500 | max rel diff. = 0.0458756
[2023-07-07 11:46:49.301] [jointLog] [info] iteration = 1,600 | max rel diff. = 0.0166441
[2023-07-07 11:46:51.240] [jointLog] [info] iteration = 1,700 | max rel diff. = 0.0149388
[2023-07-07 11:46:53.154] [jointLog] [info] iteration = 1,800 | max rel diff. = 0.0875366
[2023-07-07 11:46:53.839] [jointLog] [info] iteration = 1,837 | max rel diff. = 0.00619577
[2023-07-07 11:46:53.852] [jointLog] [info] Finished optimizer
[2023-07-07 11:46:53.852] [jointLog] [info] writing output 

