[2023-07-07 12:51:38.051] [jointLog] [info] setting maxHashResizeThreads to 16
[2023-07-07 12:51:38.051] [jointLog] [info] Fragment incompatibility prior below threshold.  Incompatible fragments will be ignored.
[2023-07-07 12:51:38.051] [jointLog] [info] Usage of --validateMappings implies use of minScoreFraction. Since not explicitly specified, it is being set to 0.65
[2023-07-07 12:51:38.051] [jointLog] [info] Setting consensusSlack to selective-alignment default of 0.35.
[2023-07-07 12:51:38.051] [jointLog] [info] parsing read library format
[2023-07-07 12:51:38.051] [jointLog] [info] There is 1 library.
[2023-07-07 12:51:38.120] [jointLog] [info] Loading pufferfish index
[2023-07-07 12:51:38.120] [jointLog] [info] Loading dense pufferfish index.
[2023-07-07 12:51:38.720] [jointLog] [info] done
[2023-07-07 12:51:38.720] [jointLog] [info] Index contained 167,268 targets
[2023-07-07 12:51:38.750] [jointLog] [info] Number of decoys : 0
[2023-07-07 12:51:39.057] [jointLog] [info] Automatically detected most likely library type as IU

[2023-07-07 12:55:35.897] [jointLog] [info] Computed 429,521 rich equivalence classes for further processing
[2023-07-07 12:55:35.897] [jointLog] [info] Counted 31,483,817 total reads in the equivalence classes 
[2023-07-07 12:55:35.912] [jointLog] [info] Number of mappings discarded because of alignment score : 16,638,765
[2023-07-07 12:55:35.912] [jointLog] [info] Number of fragments entirely discarded because of alignment score : 962,290
[2023-07-07 12:55:35.912] [jointLog] [info] Number of fragments discarded because they are best-mapped to decoys : 0
[2023-07-07 12:55:35.912] [jointLog] [info] Number of fragments discarded because they have only dovetail (discordant) mappings to valid targets : 575,381
[2023-07-07 12:55:35.912] [jointLog] [info] Mapping rate = 90.4414%

[2023-07-07 12:55:35.912] [jointLog] [info] finished quantifyLibrary()
[2023-07-07 12:55:35.912] [jointLog] [info] Starting optimizer
[2023-07-07 12:55:36.021] [jointLog] [info] Marked 0 weighted equivalence classes as degenerate
[2023-07-07 12:55:36.039] [jointLog] [info] iteration = 0 | max rel diff. = 6941.32
[2023-07-07 12:55:35.898] [fileLog] [info] 
At end of round 0
==================
Observed 34811288 total fragments (34811288 in most recent round)

[2023-07-07 12:55:37.867] [jointLog] [info] iteration = 100 | max rel diff. = 17.3447
[2023-07-07 12:55:39.714] [jointLog] [info] iteration = 200 | max rel diff. = 4.85194
[2023-07-07 12:55:41.501] [jointLog] [info] iteration = 300 | max rel diff. = 4.54871
[2023-07-07 12:55:43.286] [jointLog] [info] iteration = 400 | max rel diff. = 5.99528
[2023-07-07 12:55:45.075] [jointLog] [info] iteration = 500 | max rel diff. = 0.789019
[2023-07-07 12:55:46.850] [jointLog] [info] iteration = 600 | max rel diff. = 1.14501
[2023-07-07 12:55:48.631] [jointLog] [info] iteration = 700 | max rel diff. = 6.23748
[2023-07-07 12:55:50.488] [jointLog] [info] iteration = 800 | max rel diff. = 0.0977437
[2023-07-07 12:55:52.302] [jointLog] [info] iteration = 900 | max rel diff. = 0.217991
[2023-07-07 12:55:54.091] [jointLog] [info] iteration = 1,000 | max rel diff. = 0.234079
[2023-07-07 12:55:55.943] [jointLog] [info] iteration = 1,100 | max rel diff. = 0.137712
[2023-07-07 12:55:57.752] [jointLog] [info] iteration = 1,200 | max rel diff. = 0.0509247
[2023-07-07 12:55:59.548] [jointLog] [info] iteration = 1,300 | max rel diff. = 0.944281
[2023-07-07 12:56:01.378] [jointLog] [info] iteration = 1,400 | max rel diff. = 0.660179
[2023-07-07 12:56:03.191] [jointLog] [info] iteration = 1,500 | max rel diff. = 0.0206921
[2023-07-07 12:56:05.022] [jointLog] [info] iteration = 1,600 | max rel diff. = 0.514735
[2023-07-07 12:56:06.840] [jointLog] [info] iteration = 1,700 | max rel diff. = 0.0297334
[2023-07-07 12:56:08.659] [jointLog] [info] iteration = 1,800 | max rel diff. = 2.57201
[2023-07-07 12:56:08.678] [jointLog] [info] iteration = 1,802 | max rel diff. = 0.00764429
[2023-07-07 12:56:08.693] [jointLog] [info] Finished optimizer
[2023-07-07 12:56:08.693] [jointLog] [info] writing output 

