[2023-07-07 12:44:05.666] [jointLog] [info] setting maxHashResizeThreads to 16
[2023-07-07 12:44:05.666] [jointLog] [info] Fragment incompatibility prior below threshold.  Incompatible fragments will be ignored.
[2023-07-07 12:44:05.666] [jointLog] [info] Usage of --validateMappings implies use of minScoreFraction. Since not explicitly specified, it is being set to 0.65
[2023-07-07 12:44:05.666] [jointLog] [info] Setting consensusSlack to selective-alignment default of 0.35.
[2023-07-07 12:44:05.666] [jointLog] [info] parsing read library format
[2023-07-07 12:44:05.666] [jointLog] [info] There is 1 library.
[2023-07-07 12:44:05.743] [jointLog] [info] Loading pufferfish index
[2023-07-07 12:44:05.743] [jointLog] [info] Loading dense pufferfish index.
[2023-07-07 12:44:06.359] [jointLog] [info] done
[2023-07-07 12:44:06.359] [jointLog] [info] Index contained 167,268 targets
[2023-07-07 12:44:06.396] [jointLog] [info] Number of decoys : 0
[2023-07-07 12:44:06.752] [jointLog] [info] Automatically detected most likely library type as IU

[2023-07-07 12:46:02.842] [jointLog] [info] Computed 437,469 rich equivalence classes for further processing
[2023-07-07 12:46:02.842] [jointLog] [info] Counted 26,555,749 total reads in the equivalence classes 
[2023-07-07 12:46:02.856] [jointLog] [info] Number of mappings discarded because of alignment score : 15,614,514
[2023-07-07 12:46:02.856] [jointLog] [info] Number of fragments entirely discarded because of alignment score : 1,016,128
[2023-07-07 12:46:02.856] [jointLog] [info] Number of fragments discarded because they are best-mapped to decoys : 0
[2023-07-07 12:46:02.856] [jointLog] [info] Number of fragments discarded because they have only dovetail (discordant) mappings to valid targets : 374,273
[2023-07-07 12:46:02.856] [jointLog] [info] Mapping rate = 84.1605%

[2023-07-07 12:46:02.856] [jointLog] [info] finished quantifyLibrary()
[2023-07-07 12:46:02.856] [jointLog] [info] Starting optimizer
[2023-07-07 12:46:02.843] [fileLog] [info] 
At end of round 0
==================
Observed 31553703 total fragments (31553703 in most recent round)

[2023-07-07 12:46:02.959] [jointLog] [info] Marked 0 weighted equivalence classes as degenerate
[2023-07-07 12:46:02.978] [jointLog] [info] iteration = 0 | max rel diff. = 7438.62
[2023-07-07 12:46:04.786] [jointLog] [info] iteration = 100 | max rel diff. = 18.6652
[2023-07-07 12:46:06.607] [jointLog] [info] iteration = 200 | max rel diff. = 17.9961
[2023-07-07 12:46:08.440] [jointLog] [info] iteration = 300 | max rel diff. = 3.04312
[2023-07-07 12:46:10.252] [jointLog] [info] iteration = 400 | max rel diff. = 2.51954
[2023-07-07 12:46:12.053] [jointLog] [info] iteration = 500 | max rel diff. = 20.7049
[2023-07-07 12:46:13.871] [jointLog] [info] iteration = 600 | max rel diff. = 0.439873
[2023-07-07 12:46:15.673] [jointLog] [info] iteration = 700 | max rel diff. = 0.187836
[2023-07-07 12:46:17.472] [jointLog] [info] iteration = 800 | max rel diff. = 8.2281
[2023-07-07 12:46:19.273] [jointLog] [info] iteration = 900 | max rel diff. = 0.430807
[2023-07-07 12:46:21.100] [jointLog] [info] iteration = 1,000 | max rel diff. = 0.0944908
[2023-07-07 12:46:22.902] [jointLog] [info] iteration = 1,100 | max rel diff. = 0.13643
[2023-07-07 12:46:24.709] [jointLog] [info] iteration = 1,200 | max rel diff. = 0.0392551
[2023-07-07 12:46:26.545] [jointLog] [info] iteration = 1,300 | max rel diff. = 0.121679
[2023-07-07 12:46:28.337] [jointLog] [info] iteration = 1,400 | max rel diff. = 0.120388
[2023-07-07 12:46:30.123] [jointLog] [info] iteration = 1,500 | max rel diff. = 0.0422066
[2023-07-07 12:46:31.997] [jointLog] [info] iteration = 1,600 | max rel diff. = 0.290283
[2023-07-07 12:46:32.939] [jointLog] [info] iteration = 1,652 | max rel diff. = 0.00913206
[2023-07-07 12:46:32.953] [jointLog] [info] Finished optimizer
[2023-07-07 12:46:32.953] [jointLog] [info] writing output 

